{"level":"info","message":"服务已启动，端口: 3000","timestamp":"2025-03-31T06:48:11.665Z"}
{"level":"info","message":"MongoDB连接成功","timestamp":"2025-03-31T06:48:11.672Z"}
{"error":{},"level":"error","message":"MongoDB连接失败","timestamp":"2025-03-31T06:48:11.673Z"}
{"level":"info","message":"服务已启动，端口: 3000","timestamp":"2025-03-31T06:48:30.759Z"}
{"level":"info","message":"MongoDB连接成功","timestamp":"2025-03-31T06:48:30.766Z"}
{"error":{},"level":"error","message":"MongoDB连接失败","timestamp":"2025-03-31T06:48:30.767Z"}
{"level":"info","message":"服务已启动，端口: 3000","timestamp":"2025-03-31T11:59:10.502Z"}
{"level":"info","message":"MongoDB连接成功","timestamp":"2025-03-31T11:59:10.507Z"}
{"error":{},"level":"error","message":"MongoDB连接失败","timestamp":"2025-03-31T11:59:10.508Z"}
{"level":"info","message":"服务已启动，端口: 3000","timestamp":"2025-03-31T11:59:49.680Z"}
{"level":"info","message":"MongoDB连接成功","timestamp":"2025-03-31T11:59:49.687Z"}
{"error":{},"level":"error","message":"MongoDB连接失败","timestamp":"2025-03-31T11:59:49.688Z"}
{"level":"info","message":"服务已启动，端口: 3000","timestamp":"2025-03-31T12:04:57.659Z"}
{"level":"info","message":"MongoDB连接成功","timestamp":"2025-03-31T12:04:57.665Z"}
{"error":"Cannot read properties of undefined (reading 'INTERVAL_MINUTES')","level":"error","message":"MongoDB连接失败","timestamp":"2025-03-31T12:04:57.666Z"}
{"level":"info","message":"服务已启动，端口: 3000","timestamp":"2025-03-31T12:12:50.873Z"}
{"level":"info","message":"MongoDB连接成功","timestamp":"2025-03-31T12:12:50.927Z"}
{"level":"info","message":"服务已启动，端口: 3000","timestamp":"2025-03-31T12:12:52.439Z"}
{"level":"info","message":"MongoDB连接成功","timestamp":"2025-03-31T12:12:52.490Z"}
{"level":"info","message":"服务已启动，端口: 3000","timestamp":"2025-03-31T12:12:54.036Z"}
{"level":"info","message":"MongoDB连接成功","timestamp":"2025-03-31T12:12:54.089Z"}
{"level":"info","message":"服务已启动，端口: 3000","timestamp":"2025-03-31T12:12:55.671Z"}
{"level":"info","message":"MongoDB连接成功","timestamp":"2025-03-31T12:12:55.732Z"}
{"level":"info","message":"服务已启动，端口: 3000","timestamp":"2025-03-31T12:12:57.559Z"}
{"level":"info","message":"MongoDB连接成功","timestamp":"2025-03-31T12:12:57.625Z"}
{"level":"info","message":"服务已启动，端口: 3000","timestamp":"2025-03-31T12:13:00.225Z"}
{"level":"info","message":"MongoDB连接成功","timestamp":"2025-03-31T12:13:00.277Z"}
{"level":"info","message":"服务已启动，端口: 3000","timestamp":"2025-03-31T12:13:04.551Z"}
{"level":"info","message":"MongoDB连接成功","timestamp":"2025-03-31T12:13:04.606Z"}
{"level":"info","message":"服务已启动，端口: 3000","timestamp":"2025-03-31T12:20:35.741Z"}
{"level":"info","message":"服务已启动，端口: 3000","timestamp":"2025-03-31T12:20:37.397Z"}
{"level":"info","message":"服务已启动，端口: 3000","timestamp":"2025-03-31T12:20:38.937Z"}
{"level":"info","message":"服务已启动，端口: 3000","timestamp":"2025-03-31T12:20:40.590Z"}
{"level":"info","message":"服务已启动，端口: 3000","timestamp":"2025-03-31T12:20:42.603Z"}
{"level":"info","message":"服务已启动，端口: 3000","timestamp":"2025-03-31T12:21:22.882Z"}
{"level":"info","message":"MongoDB连接成功","timestamp":"2025-03-31T12:21:22.935Z"}
{"level":"info","message":"服务已启动，端口: 3000","timestamp":"2025-03-31T12:21:37.464Z"}
{"level":"info","message":"MongoDB连接成功","timestamp":"2025-03-31T12:21:37.515Z"}
{"level":"info","message":"服务已启动，端口: 3000","timestamp":"2025-03-31T12:29:08.694Z"}
{"level":"info","message":"MongoDB连接成功","timestamp":"2025-03-31T12:29:08.752Z"}
{"level":"info","message":"服务已启动，端口: 3000","timestamp":"2025-03-31T12:35:06.054Z"}
{"level":"info","message":"MongoDB连接成功","timestamp":"2025-03-31T12:35:06.106Z"}
{"error":{},"level":"error","message":"获取设备列表失败","timestamp":"2025-03-31T12:36:31.765Z"}
{"level":"info","message":"服务已启动，端口: 3000","timestamp":"2025-03-31T13:15:42.442Z"}
{"level":"info","message":"MongoDB连接成功","timestamp":"2025-03-31T13:15:42.492Z"}
{"level":"info","message":"服务已启动，端口: 3000","timestamp":"2025-03-31T14:03:28.984Z"}
{"level":"info","message":"MongoDB连接成功","timestamp":"2025-03-31T14:03:29.048Z"}
{"level":"info","message":"MongoDB连接成功","timestamp":"2025-03-31T14:09:08.027Z"}
{"level":"info","message":"服务已启动，端口: 3000","timestamp":"2025-03-31T14:18:26.548Z"}
{"level":"info","message":"MongoDB连接成功","timestamp":"2025-03-31T14:18:26.608Z"}
{"level":"info","message":"服务已启动，端口: 3000","timestamp":"2025-03-31T14:18:44.746Z"}
{"level":"info","message":"MongoDB连接成功","timestamp":"2025-03-31T14:18:44.794Z"}
{"level":"info","message":"服务已启动，端口: 3000","timestamp":"2025-04-01T01:37:03.800Z"}
{"level":"info","message":"MongoDB连接成功","timestamp":"2025-04-01T01:37:04.372Z"}
{"level":"info","message":"服务已启动，端口: 3000","timestamp":"2025-04-01T01:40:15.874Z"}
{"level":"info","message":"MongoDB连接成功","timestamp":"2025-04-01T01:40:16.443Z"}
{"level":"info","message":"服务已启动，端口: 3000","timestamp":"2025-04-03T01:18:13.311Z"}
{"level":"info","message":"MongoDB连接成功","timestamp":"2025-04-03T01:18:15.888Z"}
{"context":"SYNC_JOB","level":"info","message":"开始设备属性同步任务","timestamp":"2025-04-03T01:30:00.031Z"}
{"error":{},"level":"error","message":"同步失败","timestamp":"2025-04-03T01:30:00.033Z"}
{"context":"SYNC_JOB","level":"error","message":"同步失败: this.getDeviceProperties is not a function","stack":"TypeError: this.getDeviceProperties is not a function\n    at syncDeviceProperties (/usr/src/app/services/deviceService.js:79:37)\n    at Task._execution (/usr/src/app/jobs/deviceSyncJob.js:19:28)\n    at Task.execute (/usr/src/app/node_modules/node-cron/src/task.js:17:25)\n    at ScheduledTask.now (/usr/src/app/node_modules/node-cron/src/scheduled-task.js:38:33)\n    at Scheduler.<anonymous> (/usr/src/app/node_modules/node-cron/src/scheduled-task.js:25:18)\n    at Scheduler.emit (node:events:517:28)\n    at Timeout.matchTime [as _onTimeout] (/usr/src/app/node_modules/node-cron/src/scheduler.js:30:26)\n    at listOnTimeout (node:internal/timers:569:17)\n    at process.processTimers (node:internal/timers:512:7)","timestamp":"2025-04-03T01:30:00.034Z"}
{"context":"SYNC_JOB","level":"info","message":"开始设备属性同步任务","timestamp":"2025-04-03T02:00:00.921Z"}
{"error":{},"level":"error","message":"同步失败","timestamp":"2025-04-03T02:00:00.922Z"}
{"context":"SYNC_JOB","level":"error","message":"同步失败: this.getDeviceProperties is not a function","stack":"TypeError: this.getDeviceProperties is not a function\n    at syncDeviceProperties (/usr/src/app/services/deviceService.js:79:37)\n    at Task._execution (/usr/src/app/jobs/deviceSyncJob.js:19:28)\n    at Task.execute (/usr/src/app/node_modules/node-cron/src/task.js:17:25)\n    at ScheduledTask.now (/usr/src/app/node_modules/node-cron/src/scheduled-task.js:38:33)\n    at Scheduler.<anonymous> (/usr/src/app/node_modules/node-cron/src/scheduled-task.js:25:18)\n    at Scheduler.emit (node:events:517:28)\n    at Timeout.matchTime [as _onTimeout] (/usr/src/app/node_modules/node-cron/src/scheduler.js:30:26)\n    at listOnTimeout (node:internal/timers:569:17)\n    at process.processTimers (node:internal/timers:512:7)","timestamp":"2025-04-03T02:00:00.923Z"}
{"context":"SYNC_JOB","level":"info","message":"开始设备属性同步任务","timestamp":"2025-04-03T02:30:00.386Z"}
{"error":{},"level":"error","message":"同步失败","timestamp":"2025-04-03T02:30:00.396Z"}
{"context":"SYNC_JOB","level":"error","message":"同步失败: this.getDeviceProperties is not a function","stack":"TypeError: this.getDeviceProperties is not a function\n    at syncDeviceProperties (/usr/src/app/services/deviceService.js:79:37)\n    at Task._execution (/usr/src/app/jobs/deviceSyncJob.js:19:28)\n    at Task.execute (/usr/src/app/node_modules/node-cron/src/task.js:17:25)\n    at ScheduledTask.now (/usr/src/app/node_modules/node-cron/src/scheduled-task.js:38:33)\n    at Scheduler.<anonymous> (/usr/src/app/node_modules/node-cron/src/scheduled-task.js:25:18)\n    at Scheduler.emit (node:events:517:28)\n    at Timeout.matchTime [as _onTimeout] (/usr/src/app/node_modules/node-cron/src/scheduler.js:30:26)\n    at listOnTimeout (node:internal/timers:569:17)\n    at process.processTimers (node:internal/timers:512:7)","timestamp":"2025-04-03T02:30:00.401Z"}
{"context":"SYNC_JOB","level":"info","message":"开始设备属性同步任务","timestamp":"2025-04-03T03:00:00.441Z"}
{"error":{},"level":"error","message":"同步失败","timestamp":"2025-04-03T03:00:00.443Z"}
{"context":"SYNC_JOB","level":"error","message":"同步失败: this.getDeviceProperties is not a function","stack":"TypeError: this.getDeviceProperties is not a function\n    at syncDeviceProperties (/usr/src/app/services/deviceService.js:79:37)\n    at Task._execution (/usr/src/app/jobs/deviceSyncJob.js:19:28)\n    at Task.execute (/usr/src/app/node_modules/node-cron/src/task.js:17:25)\n    at ScheduledTask.now (/usr/src/app/node_modules/node-cron/src/scheduled-task.js:38:33)\n    at Scheduler.<anonymous> (/usr/src/app/node_modules/node-cron/src/scheduled-task.js:25:18)\n    at Scheduler.emit (node:events:517:28)\n    at Timeout.matchTime [as _onTimeout] (/usr/src/app/node_modules/node-cron/src/scheduler.js:30:26)\n    at listOnTimeout (node:internal/timers:569:17)\n    at process.processTimers (node:internal/timers:512:7)","timestamp":"2025-04-03T03:00:00.444Z"}
{"level":"info","message":"服务已启动，端口: 3000","timestamp":"2025-04-03T03:30:59.480Z"}
{"level":"info","message":"MongoDB连接成功","timestamp":"2025-04-03T03:30:59.528Z"}
{"context":"SYNC_JOB","level":"info","message":"开始设备属性同步任务","timestamp":"2025-04-03T04:00:00.488Z"}
{"error":{},"level":"error","message":"同步失败","timestamp":"2025-04-03T04:00:00.491Z"}
{"context":"SYNC_JOB","level":"error","message":"同步失败: this.getDeviceProperties is not a function","stack":"TypeError: this.getDeviceProperties is not a function\n    at syncDeviceProperties (/usr/src/app/services/deviceService.js:79:37)\n    at Task._execution (/usr/src/app/jobs/deviceSyncJob.js:19:28)\n    at Task.execute (/usr/src/app/node_modules/node-cron/src/task.js:17:25)\n    at ScheduledTask.now (/usr/src/app/node_modules/node-cron/src/scheduled-task.js:38:33)\n    at Scheduler.<anonymous> (/usr/src/app/node_modules/node-cron/src/scheduled-task.js:25:18)\n    at Scheduler.emit (node:events:517:28)\n    at Timeout.matchTime [as _onTimeout] (/usr/src/app/node_modules/node-cron/src/scheduler.js:30:26)\n    at listOnTimeout (node:internal/timers:569:17)\n    at process.processTimers (node:internal/timers:512:7)","timestamp":"2025-04-03T04:00:00.495Z"}
{"level":"info","message":"服务已启动，端口: 3000","timestamp":"2025-04-03T04:20:56.519Z"}
{"level":"info","message":"MongoDB连接成功","timestamp":"2025-04-03T04:20:56.661Z"}
{"level":"info","message":"服务已启动，端口: 3000","timestamp":"2025-04-07T11:05:40.174Z"}
{"level":"info","message":"MongoDB连接成功","timestamp":"2025-04-07T11:05:40.714Z"}
{"error":{},"level":"error","message":"获取设备列表失败","timestamp":"2025-04-07T11:08:41.254Z"}
{"error":{},"level":"error","message":"获取设备列表失败","timestamp":"2025-04-07T11:22:14.346Z"}
{"level":"info","message":"服务已启动，端口: 3000","timestamp":"2025-04-07T11:29:50.494Z"}
{"level":"info","message":"MongoDB连接成功","timestamp":"2025-04-07T11:29:50.525Z"}
{"level":"error","message":"获取设备列表失败，返回数据中没有 list 字段","response":{"code":10001,"data":null,"msg":"参数错误:product_id必填","request_id":"78035553a91e40cdb73b3580dace1d9b"},"timestamp":"2025-04-07T11:29:57.008Z"}
{"context":"SYNC_JOB","level":"info","message":"开始设备属性同步任务","timestamp":"2025-04-07T11:30:00.714Z"}
{"error":{},"level":"error","message":"同步失败","timestamp":"2025-04-07T11:30:00.715Z"}
{"context":"SYNC_JOB","level":"error","message":"同步失败: this.getDeviceProperties is not a function","stack":"TypeError: this.getDeviceProperties is not a function\n    at syncDeviceProperties (/usr/src/app/services/deviceService.js:84:37)\n    at Task._execution (/usr/src/app/jobs/deviceSyncJob.js:19:28)\n    at Task.execute (/usr/src/app/node_modules/node-cron/src/task.js:17:25)\n    at ScheduledTask.now (/usr/src/app/node_modules/node-cron/src/scheduled-task.js:38:33)\n    at Scheduler.<anonymous> (/usr/src/app/node_modules/node-cron/src/scheduled-task.js:25:18)\n    at Scheduler.emit (node:events:517:28)\n    at Timeout.matchTime [as _onTimeout] (/usr/src/app/node_modules/node-cron/src/scheduler.js:30:26)\n    at listOnTimeout (node:internal/timers:569:17)\n    at process.processTimers (node:internal/timers:512:7)","timestamp":"2025-04-07T11:30:00.716Z"}
{"level":"error","message":"获取设备列表失败，返回数据中没有 list 字段","response":{"code":10001,"data":null,"msg":"参数错误:product_id必填","request_id":"a197c26388d643fabb19b50981a3b89f"},"timestamp":"2025-04-07T11:32:01.174Z"}
{"level":"info","message":"服务已启动，端口: 3000","timestamp":"2025-04-07T11:33:59.350Z"}
{"level":"info","message":"MongoDB连接成功","timestamp":"2025-04-07T11:33:59.378Z"}
{"context":"SYNC_JOB","level":"info","message":"开始设备属性同步任务","timestamp":"2025-04-07T12:00:00.561Z"}
{"error":{},"level":"error","message":"同步失败","timestamp":"2025-04-07T12:00:00.562Z"}
{"context":"SYNC_JOB","level":"error","message":"同步失败: this.getDeviceProperties is not a function","stack":"TypeError: this.getDeviceProperties is not a function\n    at syncDeviceProperties (/usr/src/app/services/deviceService.js:84:37)\n    at Task._execution (/usr/src/app/jobs/deviceSyncJob.js:19:28)\n    at Task.execute (/usr/src/app/node_modules/node-cron/src/task.js:17:25)\n    at ScheduledTask.now (/usr/src/app/node_modules/node-cron/src/scheduled-task.js:38:33)\n    at Scheduler.<anonymous> (/usr/src/app/node_modules/node-cron/src/scheduled-task.js:25:18)\n    at Scheduler.emit (node:events:517:28)\n    at Timeout.matchTime [as _onTimeout] (/usr/src/app/node_modules/node-cron/src/scheduler.js:30:26)\n    at listOnTimeout (node:internal/timers:569:17)\n    at process.processTimers (node:internal/timers:512:7)","timestamp":"2025-04-07T12:00:00.563Z"}
{"context":"SYNC_JOB","level":"info","message":"开始设备属性同步任务","timestamp":"2025-04-07T12:30:00.159Z"}
{"error":{},"level":"error","message":"同步失败","timestamp":"2025-04-07T12:30:00.160Z"}
{"context":"SYNC_JOB","level":"error","message":"同步失败: this.getDeviceProperties is not a function","stack":"TypeError: this.getDeviceProperties is not a function\n    at syncDeviceProperties (/usr/src/app/services/deviceService.js:84:37)\n    at Task._execution (/usr/src/app/jobs/deviceSyncJob.js:19:28)\n    at Task.execute (/usr/src/app/node_modules/node-cron/src/task.js:17:25)\n    at ScheduledTask.now (/usr/src/app/node_modules/node-cron/src/scheduled-task.js:38:33)\n    at Scheduler.<anonymous> (/usr/src/app/node_modules/node-cron/src/scheduled-task.js:25:18)\n    at Scheduler.emit (node:events:517:28)\n    at Timeout.matchTime [as _onTimeout] (/usr/src/app/node_modules/node-cron/src/scheduler.js:30:26)\n    at listOnTimeout (node:internal/timers:569:17)\n    at process.processTimers (node:internal/timers:512:7)","timestamp":"2025-04-07T12:30:00.161Z"}
{"context":"SYNC_JOB","level":"info","message":"开始设备属性同步任务","timestamp":"2025-04-07T13:00:00.666Z"}
{"error":{},"level":"error","message":"同步失败","timestamp":"2025-04-07T13:00:00.667Z"}
{"context":"SYNC_JOB","level":"error","message":"同步失败: this.getDeviceProperties is not a function","stack":"TypeError: this.getDeviceProperties is not a function\n    at syncDeviceProperties (/usr/src/app/services/deviceService.js:84:37)\n    at Task._execution (/usr/src/app/jobs/deviceSyncJob.js:19:28)\n    at Task.execute (/usr/src/app/node_modules/node-cron/src/task.js:17:25)\n    at ScheduledTask.now (/usr/src/app/node_modules/node-cron/src/scheduled-task.js:38:33)\n    at Scheduler.<anonymous> (/usr/src/app/node_modules/node-cron/src/scheduled-task.js:25:18)\n    at Scheduler.emit (node:events:517:28)\n    at Timeout.matchTime [as _onTimeout] (/usr/src/app/node_modules/node-cron/src/scheduler.js:30:26)\n    at listOnTimeout (node:internal/timers:569:17)\n    at process.processTimers (node:internal/timers:512:7)","timestamp":"2025-04-07T13:00:00.668Z"}
{"context":"SYNC_JOB","level":"info","message":"开始设备属性同步任务","timestamp":"2025-04-07T13:30:00.170Z"}
{"error":{},"level":"error","message":"同步失败","timestamp":"2025-04-07T13:30:00.172Z"}
{"context":"SYNC_JOB","level":"error","message":"同步失败: this.getDeviceProperties is not a function","stack":"TypeError: this.getDeviceProperties is not a function\n    at syncDeviceProperties (/usr/src/app/services/deviceService.js:84:37)\n    at Task._execution (/usr/src/app/jobs/deviceSyncJob.js:19:28)\n    at Task.execute (/usr/src/app/node_modules/node-cron/src/task.js:17:25)\n    at ScheduledTask.now (/usr/src/app/node_modules/node-cron/src/scheduled-task.js:38:33)\n    at Scheduler.<anonymous> (/usr/src/app/node_modules/node-cron/src/scheduled-task.js:25:18)\n    at Scheduler.emit (node:events:517:28)\n    at Timeout.matchTime [as _onTimeout] (/usr/src/app/node_modules/node-cron/src/scheduler.js:30:26)\n    at listOnTimeout (node:internal/timers:569:17)\n    at process.processTimers (node:internal/timers:512:7)","timestamp":"2025-04-07T13:30:00.172Z"}
{"level":"info","message":"服务已启动，端口: 3000","timestamp":"2025-04-07T13:49:02.592Z"}
{"level":"info","message":"MongoDB连接成功","timestamp":"2025-04-07T13:49:02.634Z"}
{"context":"SYNC_JOB","level":"info","message":"开始设备属性同步任务","timestamp":"2025-04-07T14:00:00.880Z"}
{"error":{},"level":"error","message":"同步失败","timestamp":"2025-04-07T14:00:00.881Z"}
{"context":"SYNC_JOB","level":"error","message":"同步失败: this.getDeviceProperties is not a function","stack":"TypeError: this.getDeviceProperties is not a function\n    at syncDeviceProperties (/usr/src/app/services/deviceService.js:84:37)\n    at Task._execution (/usr/src/app/jobs/deviceSyncJob.js:19:28)\n    at Task.execute (/usr/src/app/node_modules/node-cron/src/task.js:17:25)\n    at ScheduledTask.now (/usr/src/app/node_modules/node-cron/src/scheduled-task.js:38:33)\n    at Scheduler.<anonymous> (/usr/src/app/node_modules/node-cron/src/scheduled-task.js:25:18)\n    at Scheduler.emit (node:events:517:28)\n    at Timeout.matchTime [as _onTimeout] (/usr/src/app/node_modules/node-cron/src/scheduler.js:30:26)\n    at listOnTimeout (node:internal/timers:569:17)\n    at process.processTimers (node:internal/timers:512:7)","timestamp":"2025-04-07T14:00:00.882Z"}
{"context":"SYNC_JOB","level":"info","message":"开始设备属性同步任务","timestamp":"2025-04-07T14:30:00.459Z"}
{"error":{},"level":"error","message":"同步失败","timestamp":"2025-04-07T14:30:00.460Z"}
{"context":"SYNC_JOB","level":"error","message":"同步失败: this.getDeviceProperties is not a function","stack":"TypeError: this.getDeviceProperties is not a function\n    at syncDeviceProperties (/usr/src/app/services/deviceService.js:84:37)\n    at Task._execution (/usr/src/app/jobs/deviceSyncJob.js:19:28)\n    at Task.execute (/usr/src/app/node_modules/node-cron/src/task.js:17:25)\n    at ScheduledTask.now (/usr/src/app/node_modules/node-cron/src/scheduled-task.js:38:33)\n    at Scheduler.<anonymous> (/usr/src/app/node_modules/node-cron/src/scheduled-task.js:25:18)\n    at Scheduler.emit (node:events:517:28)\n    at Timeout.matchTime [as _onTimeout] (/usr/src/app/node_modules/node-cron/src/scheduler.js:30:26)\n    at listOnTimeout (node:internal/timers:569:17)\n    at process.processTimers (node:internal/timers:512:7)","timestamp":"2025-04-07T14:30:00.461Z"}
{"level":"info","message":"服务已启动，端口: 3000","timestamp":"2025-04-08T03:57:00.118Z"}
{"level":"info","message":"MongoDB连接成功","timestamp":"2025-04-08T03:57:00.665Z"}
{"context":"SYNC_JOB","level":"info","message":"开始设备属性同步任务","timestamp":"2025-04-08T04:00:00.973Z"}
{"error":{},"level":"error","message":"同步失败","timestamp":"2025-04-08T04:00:00.974Z"}
{"context":"SYNC_JOB","level":"error","message":"同步失败: this.getDeviceProperties is not a function","stack":"TypeError: this.getDeviceProperties is not a function\n    at syncDeviceProperties (/usr/src/app/services/deviceService.js:84:37)\n    at Task._execution (/usr/src/app/jobs/deviceSyncJob.js:19:28)\n    at Task.execute (/usr/src/app/node_modules/node-cron/src/task.js:17:25)\n    at ScheduledTask.now (/usr/src/app/node_modules/node-cron/src/scheduled-task.js:38:33)\n    at Scheduler.<anonymous> (/usr/src/app/node_modules/node-cron/src/scheduled-task.js:25:18)\n    at Scheduler.emit (node:events:517:28)\n    at Timeout.matchTime [as _onTimeout] (/usr/src/app/node_modules/node-cron/src/scheduler.js:30:26)\n    at listOnTimeout (node:internal/timers:569:17)\n    at process.processTimers (node:internal/timers:512:7)","timestamp":"2025-04-08T04:00:00.975Z"}
{"error":{},"level":"error","message":"查询历史记录失败","params":{},"timestamp":"2025-04-08T04:15:37.692Z"}
{"error":{},"level":"error","message":"查询历史记录失败","params":{},"timestamp":"2025-04-08T04:18:52.554Z"}
{"context":"SYNC_JOB","level":"info","message":"开始设备属性同步任务","timestamp":"2025-04-08T04:30:00.362Z"}
{"error":{},"level":"error","message":"同步失败","timestamp":"2025-04-08T04:30:00.363Z"}
{"context":"SYNC_JOB","level":"error","message":"同步失败: this.getDeviceProperties is not a function","stack":"TypeError: this.getDeviceProperties is not a function\n    at syncDeviceProperties (/usr/src/app/services/deviceService.js:84:37)\n    at Task._execution (/usr/src/app/jobs/deviceSyncJob.js:19:28)\n    at Task.execute (/usr/src/app/node_modules/node-cron/src/task.js:17:25)\n    at ScheduledTask.now (/usr/src/app/node_modules/node-cron/src/scheduled-task.js:38:33)\n    at Scheduler.<anonymous> (/usr/src/app/node_modules/node-cron/src/scheduled-task.js:25:18)\n    at Scheduler.emit (node:events:517:28)\n    at Timeout.matchTime [as _onTimeout] (/usr/src/app/node_modules/node-cron/src/scheduler.js:30:26)\n    at listOnTimeout (node:internal/timers:569:17)\n    at process.processTimers (node:internal/timers:512:7)","timestamp":"2025-04-08T04:30:00.364Z"}
{"level":"info","message":"服务已启动，端口: 3000","timestamp":"2025-04-08T04:49:14.453Z"}
{"level":"info","message":"MongoDB连接成功","timestamp":"2025-04-08T04:49:14.484Z"}
{"context":"SYNC_JOB","level":"info","message":"开始设备属性同步任务","timestamp":"2025-04-08T05:00:00.712Z"}
{"error":{},"level":"error","message":"同步失败","timestamp":"2025-04-08T05:00:00.713Z"}
{"context":"SYNC_JOB","level":"error","message":"同步失败: this.getDeviceProperties is not a function","stack":"TypeError: this.getDeviceProperties is not a function\n    at syncDeviceProperties (/usr/src/app/services/deviceService.js:84:37)\n    at Task._execution (/usr/src/app/jobs/deviceSyncJob.js:19:28)\n    at Task.execute (/usr/src/app/node_modules/node-cron/src/task.js:17:25)\n    at ScheduledTask.now (/usr/src/app/node_modules/node-cron/src/scheduled-task.js:38:33)\n    at Scheduler.<anonymous> (/usr/src/app/node_modules/node-cron/src/scheduled-task.js:25:18)\n    at Scheduler.emit (node:events:517:28)\n    at Timeout.matchTime [as _onTimeout] (/usr/src/app/node_modules/node-cron/src/scheduler.js:30:26)\n    at listOnTimeout (node:internal/timers:569:17)\n    at process.processTimers (node:internal/timers:512:7)","timestamp":"2025-04-08T05:00:00.714Z"}
{"context":"SYNC_JOB","level":"info","message":"开始设备属性同步任务","timestamp":"2025-04-08T05:30:00.997Z"}
{"error":{},"level":"error","message":"同步失败","timestamp":"2025-04-08T05:30:00.998Z"}
{"context":"SYNC_JOB","level":"error","message":"同步失败: this.getDeviceProperties is not a function","stack":"TypeError: this.getDeviceProperties is not a function\n    at syncDeviceProperties (/usr/src/app/services/deviceService.js:84:37)\n    at Task._execution (/usr/src/app/jobs/deviceSyncJob.js:19:28)\n    at Task.execute (/usr/src/app/node_modules/node-cron/src/task.js:17:25)\n    at ScheduledTask.now (/usr/src/app/node_modules/node-cron/src/scheduled-task.js:38:33)\n    at Scheduler.<anonymous> (/usr/src/app/node_modules/node-cron/src/scheduled-task.js:25:18)\n    at Scheduler.emit (node:events:517:28)\n    at Timeout.matchTime [as _onTimeout] (/usr/src/app/node_modules/node-cron/src/scheduler.js:30:26)\n    at listOnTimeout (node:internal/timers:569:17)\n    at process.processTimers (node:internal/timers:512:7)","timestamp":"2025-04-08T05:30:00.999Z"}
{"context":"SYNC_JOB","level":"info","message":"开始设备属性同步任务","timestamp":"2025-04-08T06:00:00.772Z"}
{"error":{},"level":"error","message":"同步失败","timestamp":"2025-04-08T06:00:00.773Z"}
{"context":"SYNC_JOB","level":"error","message":"同步失败: this.getDeviceProperties is not a function","stack":"TypeError: this.getDeviceProperties is not a function\n    at syncDeviceProperties (/usr/src/app/services/deviceService.js:84:37)\n    at Task._execution (/usr/src/app/jobs/deviceSyncJob.js:19:28)\n    at Task.execute (/usr/src/app/node_modules/node-cron/src/task.js:17:25)\n    at ScheduledTask.now (/usr/src/app/node_modules/node-cron/src/scheduled-task.js:38:33)\n    at Scheduler.<anonymous> (/usr/src/app/node_modules/node-cron/src/scheduled-task.js:25:18)\n    at Scheduler.emit (node:events:517:28)\n    at Timeout.matchTime [as _onTimeout] (/usr/src/app/node_modules/node-cron/src/scheduler.js:30:26)\n    at listOnTimeout (node:internal/timers:569:17)\n    at process.processTimers (node:internal/timers:512:7)","timestamp":"2025-04-08T06:00:00.774Z"}
{"context":"SYNC_JOB","level":"info","message":"开始设备属性同步任务","timestamp":"2025-04-08T06:30:00.094Z"}
{"error":{},"level":"error","message":"同步失败","timestamp":"2025-04-08T06:30:00.095Z"}
{"context":"SYNC_JOB","level":"error","message":"同步失败: this.getDeviceProperties is not a function","stack":"TypeError: this.getDeviceProperties is not a function\n    at syncDeviceProperties (/usr/src/app/services/deviceService.js:84:37)\n    at Task._execution (/usr/src/app/jobs/deviceSyncJob.js:19:28)\n    at Task.execute (/usr/src/app/node_modules/node-cron/src/task.js:17:25)\n    at ScheduledTask.now (/usr/src/app/node_modules/node-cron/src/scheduled-task.js:38:33)\n    at Scheduler.<anonymous> (/usr/src/app/node_modules/node-cron/src/scheduled-task.js:25:18)\n    at Scheduler.emit (node:events:517:28)\n    at Timeout.matchTime [as _onTimeout] (/usr/src/app/node_modules/node-cron/src/scheduler.js:30:26)\n    at listOnTimeout (node:internal/timers:569:17)\n    at process.processTimers (node:internal/timers:512:7)","timestamp":"2025-04-08T06:30:00.096Z"}
{"error":{"code":"ECONNREFUSED","config":{"adapter":["xhr","http","fetch"],"allowAbsoluteUrls":true,"env":{},"headers":{"Accept":"application/json, text/plain, */*","Accept-Encoding":"gzip, compress, deflate, br","Authorization":"version=2022-05-01&res=userid%2F389678&et=1744099140&method=sha1&sign=2Z7F1tdgunKKGupHCdiWsAb7MNo%3D","User-Agent":"axios/1.8.4"},"maxBodyLength":-1,"maxContentLength":-1,"method":"get","params":{"limit":10,"offset":0,"product_id":"W4b66Qt625"},"timeout":0,"transformRequest":[null],"transformResponse":[null],"transitional":{"clarifyTimeoutError":false,"forcedJSONParsing":true,"silentJSONParsing":true},"url":"https://iot-api.heclouds.com/device/list","xsrfCookieName":"XSRF-TOKEN","xsrfHeaderName":"X-XSRF-TOKEN"},"message":"connect ECONNREFUSED 183.230.40.33:443","name":"Error","stack":"Error: connect ECONNREFUSED 183.230.40.33:443\n    at AxiosError.from (/usr/src/app/node_modules/axios/dist/node/axios.cjs:857:14)\n    at RedirectableRequest.handleRequestError (/usr/src/app/node_modules/axios/dist/node/axios.cjs:3169:25)\n    at RedirectableRequest.emit (node:events:517:28)\n    at eventHandlers.<computed> (/usr/src/app/node_modules/follow-redirects/index.js:49:24)\n    at ClientRequest.emit (node:events:517:28)\n    at TLSSocket.socketErrorListener (node:_http_client:501:9)\n    at TLSSocket.emit (node:events:517:28)\n    at emitErrorNT (node:internal/streams/destroy:151:8)\n    at emitErrorCloseNT (node:internal/streams/destroy:116:3)\n    at process.processTicksAndRejections (node:internal/process/task_queues:82:21)\n    at Axios.request (/usr/src/app/node_modules/axios/dist/node/axios.cjs:4258:41)\n    at process.processTicksAndRejections (node:internal/process/task_queues:95:5)\n    at async Object.getDeviceList (/usr/src/app/services/deviceService.js:62:22)\n    at async getDeviceList (/usr/src/app/controllers/deviceController.js:48:20)"},"level":"error","message":"获取设备列表失败","timestamp":"2025-04-08T06:59:21.887Z"}
{"context":"SYNC_JOB","level":"info","message":"开始设备属性同步任务","timestamp":"2025-04-08T07:00:00.271Z"}
{"error":{},"level":"error","message":"同步失败","timestamp":"2025-04-08T07:00:00.272Z"}
{"context":"SYNC_JOB","level":"error","message":"同步失败: this.getDeviceProperties is not a function","stack":"TypeError: this.getDeviceProperties is not a function\n    at syncDeviceProperties (/usr/src/app/services/deviceService.js:84:37)\n    at Task._execution (/usr/src/app/jobs/deviceSyncJob.js:19:28)\n    at Task.execute (/usr/src/app/node_modules/node-cron/src/task.js:17:25)\n    at ScheduledTask.now (/usr/src/app/node_modules/node-cron/src/scheduled-task.js:38:33)\n    at Scheduler.<anonymous> (/usr/src/app/node_modules/node-cron/src/scheduled-task.js:25:18)\n    at Scheduler.emit (node:events:517:28)\n    at Timeout.matchTime [as _onTimeout] (/usr/src/app/node_modules/node-cron/src/scheduler.js:30:26)\n    at listOnTimeout (node:internal/timers:569:17)\n    at process.processTimers (node:internal/timers:512:7)","timestamp":"2025-04-08T07:00:00.272Z"}
{"level":"info","message":"服务已启动，端口: 3000","timestamp":"2025-04-08T07:11:47.759Z"}
{"level":"info","message":"MongoDB连接成功","timestamp":"2025-04-08T07:11:47.795Z"}
{"context":"SYNC_JOB","level":"info","message":"开始设备属性同步任务","timestamp":"2025-04-08T07:30:00.359Z"}
{"error":{},"level":"error","message":"同步失败","timestamp":"2025-04-08T07:30:00.360Z"}
{"context":"SYNC_JOB","level":"error","message":"同步失败: this.getDeviceProperties is not a function","stack":"TypeError: this.getDeviceProperties is not a function\n    at syncDeviceProperties (/usr/src/app/services/deviceService.js:84:37)\n    at Task._execution (/usr/src/app/jobs/deviceSyncJob.js:19:28)\n    at Task.execute (/usr/src/app/node_modules/node-cron/src/task.js:17:25)\n    at ScheduledTask.now (/usr/src/app/node_modules/node-cron/src/scheduled-task.js:38:33)\n    at Scheduler.<anonymous> (/usr/src/app/node_modules/node-cron/src/scheduled-task.js:25:18)\n    at Scheduler.emit (node:events:517:28)\n    at Timeout.matchTime [as _onTimeout] (/usr/src/app/node_modules/node-cron/src/scheduler.js:30:26)\n    at listOnTimeout (node:internal/timers:569:17)\n    at process.processTimers (node:internal/timers:512:7)","timestamp":"2025-04-08T07:30:00.361Z"}
{"context":"SYNC_JOB","level":"info","message":"开始设备属性同步任务","timestamp":"2025-04-08T08:00:00.588Z"}
{"error":{},"level":"error","message":"同步失败","timestamp":"2025-04-08T08:00:00.589Z"}
{"context":"SYNC_JOB","level":"error","message":"同步失败: this.getDeviceProperties is not a function","stack":"TypeError: this.getDeviceProperties is not a function\n    at syncDeviceProperties (/usr/src/app/services/deviceService.js:84:37)\n    at Task._execution (/usr/src/app/jobs/deviceSyncJob.js:19:28)\n    at Task.execute (/usr/src/app/node_modules/node-cron/src/task.js:17:25)\n    at ScheduledTask.now (/usr/src/app/node_modules/node-cron/src/scheduled-task.js:38:33)\n    at Scheduler.<anonymous> (/usr/src/app/node_modules/node-cron/src/scheduled-task.js:25:18)\n    at Scheduler.emit (node:events:517:28)\n    at Timeout.matchTime [as _onTimeout] (/usr/src/app/node_modules/node-cron/src/scheduler.js:30:26)\n    at listOnTimeout (node:internal/timers:569:17)\n    at process.processTimers (node:internal/timers:512:7)","timestamp":"2025-04-08T08:00:00.589Z"}
{"context":"SYNC_JOB","level":"info","message":"开始设备属性同步任务","timestamp":"2025-04-08T09:00:00.705Z"}
{"error":{},"level":"error","message":"同步失败","timestamp":"2025-04-08T09:00:00.708Z"}
{"context":"SYNC_JOB","level":"error","message":"同步失败: this.getDeviceProperties is not a function","stack":"TypeError: this.getDeviceProperties is not a function\n    at syncDeviceProperties (/usr/src/app/services/deviceService.js:84:37)\n    at Task._execution (/usr/src/app/jobs/deviceSyncJob.js:19:28)\n    at Task.execute (/usr/src/app/node_modules/node-cron/src/task.js:17:25)\n    at ScheduledTask.now (/usr/src/app/node_modules/node-cron/src/scheduled-task.js:38:33)\n    at Scheduler.<anonymous> (/usr/src/app/node_modules/node-cron/src/scheduled-task.js:25:18)\n    at Scheduler.emit (node:events:517:28)\n    at Timeout.matchTime [as _onTimeout] (/usr/src/app/node_modules/node-cron/src/scheduler.js:30:26)\n    at listOnTimeout (node:internal/timers:569:17)\n    at process.processTimers (node:internal/timers:512:7)","timestamp":"2025-04-08T09:00:00.709Z"}
{"error":{"code":"ECONNRESET","config":{"adapter":["xhr","http","fetch"],"allowAbsoluteUrls":true,"env":{},"headers":{"Accept":"application/json, text/plain, */*","Accept-Encoding":"gzip, compress, deflate, br","Authorization":"version=2022-05-01&res=userid%2F389678&et=1744106874&method=sha1&sign=zvqC%2FVUcBrICb2KSwZr4qViIwkQ%3D","User-Agent":"axios/1.8.4"},"maxBodyLength":-1,"maxContentLength":-1,"method":"get","timeout":0,"transformRequest":[null],"transformResponse":[null],"transitional":{"clarifyTimeoutError":false,"forcedJSONParsing":true,"silentJSONParsing":true},"url":"https://iot-api.heclouds.com/device/file-space","xsrfCookieName":"XSRF-TOKEN","xsrfHeaderName":"X-XSRF-TOKEN"},"message":"socket hang up","name":"Error","stack":"Error: socket hang up\n    at AxiosError.from (/usr/src/app/node_modules/axios/dist/node/axios.cjs:857:14)\n    at RedirectableRequest.handleRequestError (/usr/src/app/node_modules/axios/dist/node/axios.cjs:3169:25)\n    at RedirectableRequest.emit (node:events:517:28)\n    at eventHandlers.<computed> (/usr/src/app/node_modules/follow-redirects/index.js:49:24)\n    at ClientRequest.emit (node:events:517:28)\n    at TLSSocket.socketOnEnd (node:_http_client:525:9)\n    at TLSSocket.emit (node:events:529:35)\n    at endReadableNT (node:internal/streams/readable:1400:12)\n    at process.processTicksAndRejections (node:internal/process/task_queues:82:21)\n    at Axios.request (/usr/src/app/node_modules/axios/dist/node/axios.cjs:4258:41)\n    at process.processTicksAndRejections (node:internal/process/task_queues:95:5)\n    at async Object.getAccountFileSpace (/usr/src/app/services/fileService.js:11:22)\n    at async getAccountFileSpace (/usr/src/app/controllers/fileController.js:10:20)"},"level":"error","message":"获取存储空间失败","timestamp":"2025-04-08T09:11:14.488Z"}
{"context":"SYNC_JOB","level":"info","message":"开始设备属性同步任务","timestamp":"2025-04-08T09:30:00.511Z"}
{"error":{},"level":"error","message":"同步失败","timestamp":"2025-04-08T09:30:00.512Z"}
{"context":"SYNC_JOB","level":"error","message":"同步失败: this.getDeviceProperties is not a function","stack":"TypeError: this.getDeviceProperties is not a function\n    at syncDeviceProperties (/usr/src/app/services/deviceService.js:84:37)\n    at Task._execution (/usr/src/app/jobs/deviceSyncJob.js:19:28)\n    at Task.execute (/usr/src/app/node_modules/node-cron/src/task.js:17:25)\n    at ScheduledTask.now (/usr/src/app/node_modules/node-cron/src/scheduled-task.js:38:33)\n    at Scheduler.<anonymous> (/usr/src/app/node_modules/node-cron/src/scheduled-task.js:25:18)\n    at Scheduler.emit (node:events:517:28)\n    at Timeout.matchTime [as _onTimeout] (/usr/src/app/node_modules/node-cron/src/scheduler.js:30:26)\n    at listOnTimeout (node:internal/timers:569:17)\n    at process.processTimers (node:internal/timers:512:7)","timestamp":"2025-04-08T09:30:00.513Z"}
{"level":"info","message":"服务已启动，端口: 3000","timestamp":"2025-04-08T10:23:27.662Z"}
{"level":"info","message":"MongoDB连接成功","timestamp":"2025-04-08T10:23:28.212Z"}
{"level":"info","message":"服务已启动，端口: 3000","timestamp":"2025-04-08T10:30:40.609Z"}
{"level":"info","message":"MongoDB连接成功","timestamp":"2025-04-08T10:30:41.156Z"}
{"context":"SYNC_JOB","level":"info","message":"开始设备属性同步任务","timestamp":"2025-04-08T11:00:00.262Z"}
{"error":{},"level":"error","message":"同步失败","timestamp":"2025-04-08T11:00:00.263Z"}
{"context":"SYNC_JOB","level":"error","message":"同步失败: this.getDeviceProperties is not a function","stack":"TypeError: this.getDeviceProperties is not a function\n    at syncDeviceProperties (/usr/src/app/services/deviceService.js:84:37)\n    at Task._execution (/usr/src/app/jobs/deviceSyncJob.js:19:28)\n    at Task.execute (/usr/src/app/node_modules/node-cron/src/task.js:17:25)\n    at ScheduledTask.now (/usr/src/app/node_modules/node-cron/src/scheduled-task.js:38:33)\n    at Scheduler.<anonymous> (/usr/src/app/node_modules/node-cron/src/scheduled-task.js:25:18)\n    at Scheduler.emit (node:events:517:28)\n    at Timeout.matchTime [as _onTimeout] (/usr/src/app/node_modules/node-cron/src/scheduler.js:30:26)\n    at listOnTimeout (node:internal/timers:569:17)\n    at process.processTimers (node:internal/timers:512:7)","timestamp":"2025-04-08T11:00:00.264Z"}
{"level":"info","message":"服务已启动，端口: 3000","timestamp":"2025-04-08T11:23:59.595Z"}
{"level":"info","message":"MongoDB连接成功","timestamp":"2025-04-08T11:23:59.633Z"}
{"error":{"error":"Missing required parameters: soil_humidity, air_temp, air_humidity","expected_params":["soil_humidity","air_temp","air_humidity"]},"level":"error","message":"预测服务调用失败","params":{},"timestamp":"2025-04-08T11:29:22.172Z"}
{"error":{"error":"Missing required parameters: soil_humidity, air_temp, air_humidity","expected_params":["soil_humidity","air_temp","air_humidity"]},"level":"error","message":"预测服务调用失败","params":{},"timestamp":"2025-04-08T11:29:23.247Z"}
{"error":{"error":"Missing required parameters: soil_humidity, air_temp, air_humidity","expected_params":["soil_humidity","air_temp","air_humidity"]},"level":"error","message":"预测服务调用失败","params":{},"timestamp":"2025-04-08T11:29:24.307Z"}
{"context":"SYNC_JOB","level":"info","message":"开始设备属性同步任务","timestamp":"2025-04-08T11:30:00.234Z"}
{"error":{},"level":"error","message":"同步失败","timestamp":"2025-04-08T11:30:00.234Z"}
{"context":"SYNC_JOB","level":"error","message":"同步失败: this.getDeviceProperties is not a function","stack":"TypeError: this.getDeviceProperties is not a function\n    at syncDeviceProperties (/usr/src/app/services/deviceService.js:84:37)\n    at Task._execution (/usr/src/app/jobs/deviceSyncJob.js:19:28)\n    at Task.execute (/usr/src/app/node_modules/node-cron/src/task.js:17:25)\n    at ScheduledTask.now (/usr/src/app/node_modules/node-cron/src/scheduled-task.js:38:33)\n    at Scheduler.<anonymous> (/usr/src/app/node_modules/node-cron/src/scheduled-task.js:25:18)\n    at Scheduler.emit (node:events:517:28)\n    at Timeout.matchTime [as _onTimeout] (/usr/src/app/node_modules/node-cron/src/scheduler.js:30:26)\n    at listOnTimeout (node:internal/timers:569:17)\n    at process.processTimers (node:internal/timers:512:7)","timestamp":"2025-04-08T11:30:00.235Z"}
{"context":"SYNC_JOB","level":"info","message":"开始设备属性同步任务","timestamp":"2025-04-08T11:30:00.213Z"}
{"error":{},"level":"error","message":"同步失败","timestamp":"2025-04-08T11:30:00.214Z"}
{"context":"SYNC_JOB","level":"error","message":"同步失败: this.getDeviceProperties is not a function","stack":"TypeError: this.getDeviceProperties is not a function\n    at syncDeviceProperties (/usr/src/app/services/deviceService.js:84:37)\n    at Task._execution (/usr/src/app/jobs/deviceSyncJob.js:19:28)\n    at Task.execute (/usr/src/app/node_modules/node-cron/src/task.js:17:25)\n    at ScheduledTask.now (/usr/src/app/node_modules/node-cron/src/scheduled-task.js:38:33)\n    at Scheduler.<anonymous> (/usr/src/app/node_modules/node-cron/src/scheduled-task.js:25:18)\n    at Scheduler.emit (node:events:517:28)\n    at Timeout.matchTime [as _onTimeout] (/usr/src/app/node_modules/node-cron/src/scheduler.js:30:26)\n    at listOnTimeout (node:internal/timers:569:17)\n    at process.processTimers (node:internal/timers:512:7)","timestamp":"2025-04-08T11:30:00.214Z"}
{"context":"SYNC_JOB","level":"info","message":"开始设备属性同步任务","timestamp":"2025-04-08T12:00:00.699Z"}
{"error":{},"level":"error","message":"同步失败","timestamp":"2025-04-08T12:00:00.701Z"}
{"context":"SYNC_JOB","level":"error","message":"同步失败: this.getDeviceProperties is not a function","stack":"TypeError: this.getDeviceProperties is not a function\n    at syncDeviceProperties (/usr/src/app/services/deviceService.js:84:37)\n    at Task._execution (/usr/src/app/jobs/deviceSyncJob.js:19:28)\n    at Task.execute (/usr/src/app/node_modules/node-cron/src/task.js:17:25)\n    at ScheduledTask.now (/usr/src/app/node_modules/node-cron/src/scheduled-task.js:38:33)\n    at Scheduler.<anonymous> (/usr/src/app/node_modules/node-cron/src/scheduled-task.js:25:18)\n    at Scheduler.emit (node:events:517:28)\n    at Timeout.matchTime [as _onTimeout] (/usr/src/app/node_modules/node-cron/src/scheduler.js:30:26)\n    at listOnTimeout (node:internal/timers:569:17)\n    at process.processTimers (node:internal/timers:512:7)","timestamp":"2025-04-08T12:00:00.702Z"}
{"error":{"error":"Missing required parameters: soil_humidity, air_temp, air_humidity","expected_params":["soil_humidity","air_temp","air_humidity"]},"level":"error","message":"预测服务调用失败","params":{},"timestamp":"2025-04-08T12:15:48.967Z"}
{"context":"SYNC_JOB","level":"info","message":"开始设备属性同步任务","timestamp":"2025-04-08T12:30:00.140Z"}
{"error":{},"level":"error","message":"同步失败","timestamp":"2025-04-08T12:30:00.141Z"}
{"context":"SYNC_JOB","level":"error","message":"同步失败: this.getDeviceProperties is not a function","stack":"TypeError: this.getDeviceProperties is not a function\n    at syncDeviceProperties (/usr/src/app/services/deviceService.js:84:37)\n    at Task._execution (/usr/src/app/jobs/deviceSyncJob.js:19:28)\n    at Task.execute (/usr/src/app/node_modules/node-cron/src/task.js:17:25)\n    at ScheduledTask.now (/usr/src/app/node_modules/node-cron/src/scheduled-task.js:38:33)\n    at Scheduler.<anonymous> (/usr/src/app/node_modules/node-cron/src/scheduled-task.js:25:18)\n    at Scheduler.emit (node:events:517:28)\n    at Timeout.matchTime [as _onTimeout] (/usr/src/app/node_modules/node-cron/src/scheduler.js:30:26)\n    at listOnTimeout (node:internal/timers:569:17)\n    at process.processTimers (node:internal/timers:512:7)","timestamp":"2025-04-08T12:30:00.141Z"}
{"error":"SyntaxError: Unexpected token s in JSON at position 1\n    at JSON.parse (<anonymous>)\n    at parse (/usr/src/app/node_modules/body-parser/lib/types/json.js:92:19)\n    at /usr/src/app/node_modules/body-parser/lib/read.js:128:18\n    at AsyncResource.runInAsyncScope (node:async_hooks:203:9)\n    at invokeCallback (/usr/src/app/node_modules/raw-body/index.js:238:16)\n    at done (/usr/src/app/node_modules/raw-body/index.js:227:7)\n    at IncomingMessage.onEnd (/usr/src/app/node_modules/raw-body/index.js:287:7)\n    at IncomingMessage.emit (node:events:517:28)\n    at endReadableNT (node:internal/streams/readable:1400:12)\n    at process.processTicksAndRejections (node:internal/process/task_queues:82:21)","level":"error","message":"请求处理失败","path":"/api/predict","timestamp":"2025-04-08T12:36:46.443Z"}
{"error":"SyntaxError: Unexpected token s in JSON at position 1\n    at JSON.parse (<anonymous>)\n    at parse (/usr/src/app/node_modules/body-parser/lib/types/json.js:92:19)\n    at /usr/src/app/node_modules/body-parser/lib/read.js:128:18\n    at AsyncResource.runInAsyncScope (node:async_hooks:203:9)\n    at invokeCallback (/usr/src/app/node_modules/raw-body/index.js:238:16)\n    at done (/usr/src/app/node_modules/raw-body/index.js:227:7)\n    at IncomingMessage.onEnd (/usr/src/app/node_modules/raw-body/index.js:287:7)\n    at IncomingMessage.emit (node:events:517:28)\n    at endReadableNT (node:internal/streams/readable:1400:12)\n    at process.processTicksAndRejections (node:internal/process/task_queues:82:21)","level":"error","message":"请求处理失败","path":"/api/predict","timestamp":"2025-04-08T12:36:47.500Z"}
{"error":"SyntaxError: Unexpected token s in JSON at position 1\n    at JSON.parse (<anonymous>)\n    at parse (/usr/src/app/node_modules/body-parser/lib/types/json.js:92:19)\n    at /usr/src/app/node_modules/body-parser/lib/read.js:128:18\n    at AsyncResource.runInAsyncScope (node:async_hooks:203:9)\n    at invokeCallback (/usr/src/app/node_modules/raw-body/index.js:238:16)\n    at done (/usr/src/app/node_modules/raw-body/index.js:227:7)\n    at IncomingMessage.onEnd (/usr/src/app/node_modules/raw-body/index.js:287:7)\n    at IncomingMessage.emit (node:events:517:28)\n    at endReadableNT (node:internal/streams/readable:1400:12)\n    at process.processTicksAndRejections (node:internal/process/task_queues:82:21)","level":"error","message":"请求处理失败","path":"/api/predict","timestamp":"2025-04-08T12:36:48.550Z"}
{"level":"info","message":"服务已启动，端口: 3000","timestamp":"2025-04-09T04:19:00.449Z"}
{"level":"info","message":"MongoDB连接成功","timestamp":"2025-04-09T04:19:00.992Z"}
{"context":"SYNC_JOB","level":"info","message":"开始设备属性同步任务","timestamp":"2025-04-09T04:30:00.575Z"}
{"error":{},"level":"error","message":"同步失败","timestamp":"2025-04-09T04:30:00.576Z"}
{"context":"SYNC_JOB","level":"error","message":"同步失败: this.getDeviceProperties is not a function","stack":"TypeError: this.getDeviceProperties is not a function\n    at syncDeviceProperties (/usr/src/app/services/deviceService.js:84:37)\n    at Task._execution (/usr/src/app/jobs/deviceSyncJob.js:19:28)\n    at Task.execute (/usr/src/app/node_modules/node-cron/src/task.js:17:25)\n    at ScheduledTask.now (/usr/src/app/node_modules/node-cron/src/scheduled-task.js:38:33)\n    at Scheduler.<anonymous> (/usr/src/app/node_modules/node-cron/src/scheduled-task.js:25:18)\n    at Scheduler.emit (node:events:517:28)\n    at Timeout.matchTime [as _onTimeout] (/usr/src/app/node_modules/node-cron/src/scheduler.js:30:26)\n    at listOnTimeout (node:internal/timers:569:17)\n    at process.processTimers (node:internal/timers:512:7)","timestamp":"2025-04-09T04:30:00.576Z"}
{"context":"SYNC_JOB","level":"info","message":"开始设备属性同步任务","timestamp":"2025-04-09T05:00:00.116Z"}
{"error":{},"level":"error","message":"同步失败","timestamp":"2025-04-09T05:00:00.117Z"}
{"context":"SYNC_JOB","level":"error","message":"同步失败: this.getDeviceProperties is not a function","stack":"TypeError: this.getDeviceProperties is not a function\n    at syncDeviceProperties (/usr/src/app/services/deviceService.js:84:37)\n    at Task._execution (/usr/src/app/jobs/deviceSyncJob.js:19:28)\n    at Task.execute (/usr/src/app/node_modules/node-cron/src/task.js:17:25)\n    at ScheduledTask.now (/usr/src/app/node_modules/node-cron/src/scheduled-task.js:38:33)\n    at Scheduler.<anonymous> (/usr/src/app/node_modules/node-cron/src/scheduled-task.js:25:18)\n    at Scheduler.emit (node:events:517:28)\n    at Timeout.matchTime [as _onTimeout] (/usr/src/app/node_modules/node-cron/src/scheduler.js:30:26)\n    at listOnTimeout (node:internal/timers:569:17)\n    at process.processTimers (node:internal/timers:512:7)","timestamp":"2025-04-09T05:00:00.117Z"}
{"context":"SYNC_JOB","level":"info","message":"开始设备属性同步任务","timestamp":"2025-04-09T05:30:00.344Z"}
{"error":{},"level":"error","message":"同步失败","timestamp":"2025-04-09T05:30:00.346Z"}
{"context":"SYNC_JOB","level":"error","message":"同步失败: this.getDeviceProperties is not a function","stack":"TypeError: this.getDeviceProperties is not a function\n    at syncDeviceProperties (/usr/src/app/services/deviceService.js:84:37)\n    at Task._execution (/usr/src/app/jobs/deviceSyncJob.js:19:28)\n    at Task.execute (/usr/src/app/node_modules/node-cron/src/task.js:17:25)\n    at ScheduledTask.now (/usr/src/app/node_modules/node-cron/src/scheduled-task.js:38:33)\n    at Scheduler.<anonymous> (/usr/src/app/node_modules/node-cron/src/scheduled-task.js:25:18)\n    at Scheduler.emit (node:events:517:28)\n    at Timeout.matchTime [as _onTimeout] (/usr/src/app/node_modules/node-cron/src/scheduler.js:30:26)\n    at listOnTimeout (node:internal/timers:569:17)\n    at process.processTimers (node:internal/timers:512:7)","timestamp":"2025-04-09T05:30:00.346Z"}
{"context":"SYNC_JOB","level":"info","message":"开始设备属性同步任务","timestamp":"2025-04-09T06:00:00.422Z"}
{"error":{},"level":"error","message":"同步失败","timestamp":"2025-04-09T06:00:00.424Z"}
{"context":"SYNC_JOB","level":"error","message":"同步失败: this.getDeviceProperties is not a function","stack":"TypeError: this.getDeviceProperties is not a function\n    at syncDeviceProperties (/usr/src/app/services/deviceService.js:84:37)\n    at Task._execution (/usr/src/app/jobs/deviceSyncJob.js:19:28)\n    at Task.execute (/usr/src/app/node_modules/node-cron/src/task.js:17:25)\n    at ScheduledTask.now (/usr/src/app/node_modules/node-cron/src/scheduled-task.js:38:33)\n    at Scheduler.<anonymous> (/usr/src/app/node_modules/node-cron/src/scheduled-task.js:25:18)\n    at Scheduler.emit (node:events:517:28)\n    at Timeout.matchTime [as _onTimeout] (/usr/src/app/node_modules/node-cron/src/scheduler.js:30:26)\n    at listOnTimeout (node:internal/timers:569:17)\n    at process.processTimers (node:internal/timers:512:7)","timestamp":"2025-04-09T06:00:00.425Z"}
{"level":"info","message":"服务已启动，端口: 3000","timestamp":"2025-04-11T01:22:27.928Z"}
{"level":"info","message":"MongoDB连接成功","timestamp":"2025-04-11T01:22:30.006Z"}
